--- TAST (RESOLVIDA) ---
[
    (
        Signature(
            "fizzbuzz",
            [
                (
                    Simple(
                        "Int",
                    ),
                    12..15,
                ),
            ],
            (
                Simple(
                    "Text",
                ),
                19..23,
            ),
            [],
        ),
        0..23,
    ),
    (
        LambdaDef(
            [
                (
                    Ident(
                        "x",
                    ),
                    31..32,
                ),
            ],
            (
                Guard(
                    [
                        (
                            (
                                Ident(
                                    "both",
                                    Simple(
                                        "Unknown",
                                    ),
                                ),
                                33..215,
                            ),
                            (
                                Literal(
                                    String(
                                        "FizzBuzz",
                                    ),
                                ),
                                44..54,
                            ),
                        ),
                        (
                            (
                                Ident(
                                    "fizz",
                                    Simple(
                                        "Unknown",
                                    ),
                                ),
                                33..215,
                            ),
                            (
                                Literal(
                                    String(
                                        "Fizz",
                                    ),
                                ),
                                65..71,
                            ),
                        ),
                        (
                            (
                                Ident(
                                    "buzz",
                                    Simple(
                                        "Unknown",
                                    ),
                                ),
                                33..215,
                            ),
                            (
                                Literal(
                                    String(
                                        "Buzz",
                                    ),
                                ),
                                82..88,
                            ),
                        ),
                    ],
                    (
                        Sequence(
                            [
                                (
                                    Call(
                                        (
                                            Ident(
                                                "str",
                                                Function(
                                                    [
                                                        (
                                                            Simple(
                                                                "Int",
                                                            ),
                                                            2362..2365,
                                                        ),
                                                    ],
                                                    (
                                                        Simple(
                                                            "Text",
                                                        ),
                                                        2369..2373,
                                                    ),
                                                ),
                                            ),
                                            104..107,
                                        ),
                                        [
                                            (
                                                Ident(
                                                    "x",
                                                    Simple(
                                                        "Int",
                                                    ),
                                                ),
                                                108..109,
                                            ),
                                        ],
                                        Simple(
                                            "Text",
                                        ),
                                    ),
                                    104..107,
                                ),
                            ],
                            Simple(
                                "Text",
                            ),
                        ),
                        104..109,
                    ),
                    Simple(
                        "Text",
                    ),
                ),
                33..215,
            ),
            [
                (
                    Sequence(
                        [
                            (
                                Call(
                                    (
                                        Ident(
                                            "=",
                                            Simple(
                                                "Unknown",
                                            ),
                                        ),
                                        135..136,
                                    ),
                                    [],
                                    Simple(
                                        "Unknown",
                                    ),
                                ),
                                135..136,
                            ),
                            (
                                Literal(
                                    Int(
                                        0,
                                    ),
                                ),
                                137..138,
                            ),
                            (
                                Sequence(
                                    [
                                        (
                                            Call(
                                                (
                                                    Ident(
                                                        "mod",
                                                        Simple(
                                                            "Unknown",
                                                        ),
                                                    ),
                                                    141..144,
                                                ),
                                                [],
                                                Simple(
                                                    "Unknown",
                                                ),
                                            ),
                                            141..144,
                                        ),
                                        (
                                            Ident(
                                                "x",
                                                Simple(
                                                    "Int",
                                                ),
                                            ),
                                            145..146,
                                        ),
                                        (
                                            Literal(
                                                Int(
                                                    3,
                                                ),
                                            ),
                                            147..148,
                                        ),
                                    ],
                                    Simple(
                                        "Int",
                                    ),
                                ),
                                140..149,
                            ),
                        ],
                        Simple(
                            "Int",
                        ),
                    ),
                    135..149,
                ),
                (
                    Sequence(
                        [
                            (
                                Call(
                                    (
                                        Ident(
                                            "=",
                                            Simple(
                                                "Unknown",
                                            ),
                                        ),
                                        166..167,
                                    ),
                                    [],
                                    Simple(
                                        "Unknown",
                                    ),
                                ),
                                166..167,
                            ),
                            (
                                Literal(
                                    Int(
                                        0,
                                    ),
                                ),
                                168..169,
                            ),
                            (
                                Call(
                                    (
                                        Ident(
                                            "mod",
                                            Simple(
                                                "Unknown",
                                            ),
                                        ),
                                        170..173,
                                    ),
                                    [],
                                    Simple(
                                        "Unknown",
                                    ),
                                ),
                                170..173,
                            ),
                            (
                                Ident(
                                    "x",
                                    Simple(
                                        "Int",
                                    ),
                                ),
                                174..175,
                            ),
                            (
                                Literal(
                                    Int(
                                        5,
                                    ),
                                ),
                                176..177,
                            ),
                        ],
                        Simple(
                            "Int",
                        ),
                    ),
                    166..177,
                ),
                (
                    Sequence(
                        [
                            (
                                Call(
                                    (
                                        Ident(
                                            "and",
                                            Simple(
                                                "Unknown",
                                            ),
                                        ),
                                        194..197,
                                    ),
                                    [
                                        (
                                            Ident(
                                                "fizz",
                                                Simple(
                                                    "Int",
                                                ),
                                            ),
                                            198..202,
                                        ),
                                        (
                                            Ident(
                                                "buzz",
                                                Simple(
                                                    "Int",
                                                ),
                                            ),
                                            203..207,
                                        ),
                                    ],
                                    Simple(
                                        "Unknown",
                                    ),
                                ),
                                194..197,
                            ),
                        ],
                        Simple(
                            "Unknown",
                        ),
                    ),
                    194..207,
                ),
            ],
            [],
        ),
        24..215,
    ),
    (
        ActionDef(
            "main",
            [],
            (
                Simple(
                    "()",
                ),
                0..0,
            ),
            [
                (
                    Expr(
                        (
                            Sequence(
                                [
                                    (
                                        Call(
                                            (
                                                Ident(
                                                    "echo",
                                                    Simple(
                                                        "Unknown",
                                                    ),
                                                ),
                                                290..295,
                                            ),
                                            [
                                                (
                                                    Call(
                                                        (
                                                            Ident(
                                                                "fizzbuzz",
                                                                Function(
                                                                    [
                                                                        (
                                                                            Simple(
                                                                                "Int",
                                                                            ),
                                                                            12..15,
                                                                        ),
                                                                    ],
                                                                    (
                                                                        Simple(
                                                                            "Text",
                                                                        ),
                                                                        19..23,
                                                                    ),
                                                                ),
                                                            ),
                                                            298..306,
                                                        ),
                                                        [
                                                            (
                                                                Literal(
                                                                    Int(
                                                                        3,
                                                                    ),
                                                                ),
                                                                307..308,
                                                            ),
                                                        ],
                                                        Simple(
                                                            "Text",
                                                        ),
                                                    ),
                                                    298..306,
                                                ),
                                            ],
                                            Simple(
                                                "Unknown",
                                            ),
                                        ),
                                        290..295,
                                    ),
                                ],
                                Simple(
                                    "Unknown",
                                ),
                            ),
                            290..309,
                        ),
                    ),
                    290..309,
                ),
                (
                    Expr(
                        (
                            Sequence(
                                [
                                    (
                                        Call(
                                            (
                                                Ident(
                                                    "echo",
                                                    Simple(
                                                        "Unknown",
                                                    ),
                                                ),
                                                314..319,
                                            ),
                                            [
                                                (
                                                    Call(
                                                        (
                                                            Ident(
                                                                "fizzbuzz",
                                                                Function(
                                                                    [
                                                                        (
                                                                            Simple(
                                                                                "Int",
                                                                            ),
                                                                            12..15,
                                                                        ),
                                                                    ],
                                                                    (
                                                                        Simple(
                                                                            "Text",
                                                                        ),
                                                                        19..23,
                                                                    ),
                                                                ),
                                                            ),
                                                            322..330,
                                                        ),
                                                        [
                                                            (
                                                                Literal(
                                                                    Int(
                                                                        5,
                                                                    ),
                                                                ),
                                                                331..332,
                                                            ),
                                                        ],
                                                        Simple(
                                                            "Text",
                                                        ),
                                                    ),
                                                    322..330,
                                                ),
                                            ],
                                            Simple(
                                                "Unknown",
                                            ),
                                        ),
                                        314..319,
                                    ),
                                ],
                                Simple(
                                    "Unknown",
                                ),
                            ),
                            314..333,
                        ),
                    ),
                    314..333,
                ),
                (
                    Expr(
                        (
                            Sequence(
                                [
                                    (
                                        Call(
                                            (
                                                Ident(
                                                    "echo",
                                                    Simple(
                                                        "Unknown",
                                                    ),
                                                ),
                                                338..343,
                                            ),
                                            [
                                                (
                                                    Call(
                                                        (
                                                            Ident(
                                                                "fizzbuzz",
                                                                Function(
                                                                    [
                                                                        (
                                                                            Simple(
                                                                                "Int",
                                                                            ),
                                                                            12..15,
                                                                        ),
                                                                    ],
                                                                    (
                                                                        Simple(
                                                                            "Text",
                                                                        ),
                                                                        19..23,
                                                                    ),
                                                                ),
                                                            ),
                                                            346..354,
                                                        ),
                                                        [
                                                            (
                                                                Literal(
                                                                    Int(
                                                                        15,
                                                                    ),
                                                                ),
                                                                355..357,
                                                            ),
                                                        ],
                                                        Simple(
                                                            "Text",
                                                        ),
                                                    ),
                                                    346..354,
                                                ),
                                            ],
                                            Simple(
                                                "Unknown",
                                            ),
                                        ),
                                        338..343,
                                    ),
                                ],
                                Simple(
                                    "Unknown",
                                ),
                            ),
                            338..358,
                        ),
                    ),
                    338..358,
                ),
                (
                    Expr(
                        (
                            Sequence(
                                [
                                    (
                                        Call(
                                            (
                                                Ident(
                                                    "echo",
                                                    Simple(
                                                        "Unknown",
                                                    ),
                                                ),
                                                363..368,
                                            ),
                                            [
                                                (
                                                    Call(
                                                        (
                                                            Ident(
                                                                "fizzbuzz",
                                                                Function(
                                                                    [
                                                                        (
                                                                            Simple(
                                                                                "Int",
                                                                            ),
                                                                            12..15,
                                                                        ),
                                                                    ],
                                                                    (
                                                                        Simple(
                                                                            "Text",
                                                                        ),
                                                                        19..23,
                                                                    ),
                                                                ),
                                                            ),
                                                            369..377,
                                                        ),
                                                        [
                                                            (
                                                                Literal(
                                                                    Int(
                                                                        7,
                                                                    ),
                                                                ),
                                                                378..379,
                                                            ),
                                                        ],
                                                        Simple(
                                                            "Text",
                                                        ),
                                                    ),
                                                    369..377,
                                                ),
                                            ],
                                            Simple(
                                                "Unknown",
                                            ),
                                        ),
                                        363..368,
                                    ),
                                ],
                                Simple(
                                    "Unknown",
                                ),
                            ),
                            363..379,
                        ),
                    ),
                    363..379,
                ),
                (
                    Expr(
                        (
                            Sequence(
                                [
                                    (
                                        Call(
                                            (
                                                Ident(
                                                    "echo",
                                                    Simple(
                                                        "Unknown",
                                                    ),
                                                ),
                                                384..389,
                                            ),
                                            [
                                                (
                                                    Call(
                                                        (
                                                            Ident(
                                                                "fizzbuzz",
                                                                Function(
                                                                    [
                                                                        (
                                                                            Simple(
                                                                                "Int",
                                                                            ),
                                                                            12..15,
                                                                        ),
                                                                    ],
                                                                    (
                                                                        Simple(
                                                                            "Text",
                                                                        ),
                                                                        19..23,
                                                                    ),
                                                                ),
                                                            ),
                                                            390..398,
                                                        ),
                                                        [
                                                            (
                                                                Literal(
                                                                    Int(
                                                                        2,
                                                                    ),
                                                                ),
                                                                399..400,
                                                            ),
                                                        ],
                                                        Simple(
                                                            "Text",
                                                        ),
                                                    ),
                                                    390..398,
                                                ),
                                            ],
                                            Simple(
                                                "Unknown",
                                            ),
                                        ),
                                        384..389,
                                    ),
                                ],
                                Simple(
                                    "Unknown",
                                ),
                            ),
                            384..400,
                        ),
                    ),
                    384..400,
                ),
                (
                    Expr(
                        (
                            Tuple(
                                [],
                                Generic(
                                    "Tuple",
                                    [],
                                ),
                            ),
                            405..407,
                        ),
                    ),
                    405..407,
                ),
            ],
            [],
        ),
        209..408,
    ),
]
